<?xml version="1.0" encoding="UTF-8"?>
<testsuites name="testTestSuits" time="14" tests="1" failures="0" errors="0">
   <testsuite name="testTestSuits" tests="1" failures="0" errors="0" time="14" timestamp="2019-02-08 10:35:20" hostname="harrygumbilar - 192.168.61.238" id="Test Suites/testTestSuits">
      <properties>
         <property name="deviceName" value=""/>
         <property name="devicePlatform" value=""/>
         <property name="logFolder" value="/Users/harrygumbilar/Katalon Studio/testing2/Reports/testTestSuits/20190208_103508"/>
         <property name="logFiles" value="/Users/harrygumbilar/Katalon Studio/testing2/Reports/testTestSuits/20190208_103508/execution0.log"/>
         <property name="attachments" value=""/>
         <property name="hostName" value="harrygumbilar - 192.168.61.238"/>
         <property name="hostAddress" value="192.168.61.238"/>
         <property name="os" value="Mac OS X 64bit"/>
         <property name="katalonVersion" value="5.10.1.1"/>
      </properties>
      <testcase name="Test Cases/Search Flight" classname="Test Cases/Search Flight" status="PASSED">
         <system-out><![CDATA[2019-02-08 10:35:21 - [TEST_CASE][PASSED] - Test Cases/Search Flight: Test Cases/Search Flight

2019-02-08 10:35:21 - [TEST_STEP][PASSED] - Start listener action : sampleBeforeTestCase: null

2019-02-08 10:35:21 - [TEST_STEP][PASSED] - println(testCaseContext.getTestCaseId()): null

2019-02-08 10:35:21 - [TEST_STEP][PASSED] - println(testCaseContext.getTestCaseVariables()): null

2019-02-08 10:35:21 - [TEST_STEP][PASSED] - System.setProperty("webdriver.chrome.driver", "/Users/harrygumbilar/Documents/TestingWEBAutomation/src/Dependency/chromedriver"): null

2019-02-08 10:35:21 - [TEST_STEP][PASSED] - driver = new org.openqa.selenium.chrome.ChromeDriver(): null

2019-02-08 10:35:22 - [TEST_STEP][PASSED] - out.println("*** login ***"): null

2019-02-08 10:35:23 - [TEST_STEP][PASSED] - driver.get("https://www.tiket.com"): null

2019-02-08 10:35:27 - [TEST_STEP][PASSED] - driver.findElement(By.xpath("//*[@href='/pesawat']")): null

2019-02-08 10:35:27 - [TEST_STEP][PASSED] - xpath("//*[@href='/pesawat']")).click(): null

2019-02-08 10:35:29 - [TEST_STEP][PASSED] - Thread.sleep(5000): null

2019-02-08 10:35:34 - [TEST_STEP][PASSED] - driver.close(): null

2019-02-08 10:35:35 - [TEST_STEP][PASSED] - Start listener action : sampleAfterTestCase: null

2019-02-08 10:35:35 - [TEST_STEP][PASSED] - println(testCaseContext.getTestCaseId()): null

2019-02-08 10:35:35 - [TEST_STEP][PASSED] - println(testCaseContext.getTestCaseStatus()): null]]></system-out>
         <system-err><![CDATA[]]></system-err>
      </testcase>
      <system-out><![CDATA[2019-02-08 10:35:20 - [TEST_SUITE][PASSED] - testTestSuits: Test Cases/Search Flight]]></system-out>
      <system-err><![CDATA[]]></system-err>
   </testsuite>
</testsuites>
