<?xml version="1.0" encoding="UTF-8"?>
<testsuites name="testTestSuits" time="37" tests="2" failures="0" errors="0">
   <testsuite name="testTestSuits" tests="2" failures="0" errors="0" time="37" timestamp="2019-02-08 11:10:29" hostname="harrygumbilar - 192.168.61.238" id="Test Suites/testTestSuits">
      <properties>
         <property name="deviceName" value=""/>
         <property name="devicePlatform" value=""/>
         <property name="logFolder" value="/Users/harrygumbilar/Katalon Studio/testing2/Reports/testTestSuits/20190208_111017"/>
         <property name="logFiles" value="/Users/harrygumbilar/Katalon Studio/testing2/Reports/testTestSuits/20190208_111017/execution0.log"/>
         <property name="attachments" value=""/>
         <property name="hostName" value="harrygumbilar - 192.168.61.238"/>
         <property name="hostAddress" value="192.168.61.238"/>
         <property name="os" value="Mac OS X 64bit"/>
         <property name="katalonVersion" value="5.10.1.1"/>
      </properties>
      <testcase name="Test Cases/Search Flight" classname="Test Cases/Search Flight" status="PASSED">
         <system-out><![CDATA[2019-02-08 11:10:30 - [TEST_CASE][PASSED] - Test Cases/Search Flight: Test Cases/Search Flight

2019-02-08 11:10:30 - [TEST_STEP][PASSED] - Start listener action : sampleBeforeTestCase: null

2019-02-08 11:10:30 - [TEST_STEP][PASSED] - println(testCaseContext.getTestCaseId()): null

2019-02-08 11:10:30 - [TEST_STEP][PASSED] - println(testCaseContext.getTestCaseVariables()): null

2019-02-08 11:10:30 - [TEST_STEP][PASSED] - System.setProperty("webdriver.chrome.driver", "/Users/harrygumbilar/Documents/TestingWEBAutomation/src/Dependency/chromedriver"): null

2019-02-08 11:10:30 - [TEST_STEP][PASSED] - driver = new org.openqa.selenium.chrome.ChromeDriver(): null

2019-02-08 11:10:32 - [TEST_STEP][PASSED] - out.println("*** login ***"): null

2019-02-08 11:10:32 - [TEST_STEP][PASSED] - driver.get("https://www.tiket.com"): null

2019-02-08 11:10:37 - [TEST_STEP][PASSED] - driver.findElement(By.xpath("//*[@href='/pesawat']")): null

2019-02-08 11:10:37 - [TEST_STEP][PASSED] - xpath("//*[@href='/pesawat']")).click(): null

2019-02-08 11:10:38 - [TEST_STEP][PASSED] - Thread.sleep(5000): null

2019-02-08 11:10:43 - [TEST_STEP][PASSED] - driver.close(): null

2019-02-08 11:10:44 - [TEST_STEP][PASSED] - Start listener action : sampleAfterTestCase: null

2019-02-08 11:10:44 - [TEST_STEP][PASSED] - println(testCaseContext.getTestCaseId()): null

2019-02-08 11:10:44 - [TEST_STEP][PASSED] - println(testCaseContext.getTestCaseStatus()): null]]></system-out>
         <system-err><![CDATA[]]></system-err>
      </testcase>
      <testcase name="Test Cases/Login_Logout" classname="Test Cases/Login_Logout" status="PASSED">
         <system-out><![CDATA[2019-02-08 11:10:44 - [TEST_CASE][PASSED] - Test Cases/Login_Logout: Test Cases/Login_Logout

2019-02-08 11:10:44 - [TEST_STEP][PASSED] - Start listener action : sampleBeforeTestCase: null

2019-02-08 11:10:44 - [TEST_STEP][PASSED] - println(testCaseContext.getTestCaseId()): null

2019-02-08 11:10:44 - [TEST_STEP][PASSED] - println(testCaseContext.getTestCaseVariables()): null

2019-02-08 11:10:44 - [TEST_STEP][PASSED] - System.setProperty("webdriver.chrome.driver", "/Users/harrygumbilar/Documents/TestingWEBAutomation/src/Dependency/chromedriver"): null

2019-02-08 11:10:44 - [TEST_STEP][PASSED] - driver = new org.openqa.selenium.chrome.ChromeDriver(): null

2019-02-08 11:10:45 - [TEST_STEP][PASSED] - out.println("*** login ***"): null

2019-02-08 11:10:45 - [TEST_STEP][PASSED] - driver.get("https://www.tiket.com"): null

2019-02-08 11:10:49 - [TEST_STEP][PASSED] - xpath("//*[@class='login-btn']")).click(): null

2019-02-08 11:10:53 - [TEST_STEP][PASSED] - driver.findElement(By.xpath("//*[text()='Log In ke tiket.com']")): null

2019-02-08 11:10:53 - [TEST_STEP][PASSED] - driver.findElement(By.xpath("//*[@ class='form-control mtr-input'][@name='email']")): null

2019-02-08 11:10:53 - [TEST_STEP][PASSED] - xpath("//*[@ class='form-control mtr-input'][@name='email']")).sendKeys("harry.gumbilar@tiket.com"): null

2019-02-08 11:10:53 - [TEST_STEP][PASSED] - xpath("//*[@ class='form-control mtr-input'][@name='password']")).sendKeys("Annis@171925"): null

2019-02-08 11:10:53 - [TEST_STEP][PASSED] - driver.findElement(By.xpath("//*[@id='js-btn-login']")): null

2019-02-08 11:10:53 - [TEST_STEP][PASSED] - xpath("//*[@id='js-btn-login']")).click(): null

2019-02-08 11:10:58 - [TEST_STEP][PASSED] - driver.findElement(By.xpath("//*[text()='Harry']")): null

2019-02-08 11:10:58 - [TEST_STEP][PASSED] - xpath("//*[@class='tixicon-down']")).click(): null

2019-02-08 11:10:58 - [TEST_STEP][PASSED] - driver.findElement(By.xpath("//*[@data-value='logout']")): null

2019-02-08 11:10:58 - [TEST_STEP][PASSED] - xpath("//*[@data-value='logout']")).click(): null

2019-02-08 11:11:01 - [TEST_STEP][PASSED] - driver.findElement(By.xpath("//*[@href='/login']")): null

2019-02-08 11:11:01 - [TEST_STEP][PASSED] - Thread.sleep(5000): null

2019-02-08 11:11:06 - [TEST_STEP][PASSED] - driver.close(): null

2019-02-08 11:11:06 - [TEST_STEP][PASSED] - Start listener action : sampleAfterTestCase: null

2019-02-08 11:11:06 - [TEST_STEP][PASSED] - println(testCaseContext.getTestCaseId()): null

2019-02-08 11:11:06 - [TEST_STEP][PASSED] - println(testCaseContext.getTestCaseStatus()): null]]></system-out>
         <system-err><![CDATA[]]></system-err>
      </testcase>
      <system-out><![CDATA[2019-02-08 11:10:29 - [TEST_SUITE][PASSED] - testTestSuits: Test Cases/Login_Logout]]></system-out>
      <system-err><![CDATA[]]></system-err>
   </testsuite>
</testsuites>
